<?xml version="1.0" encoding="UTF-8"?>
<!-- Generated by org.testng.reporters.JUnitXMLReporter -->
<testsuite hostname="LAPTOP-FNCUMBTU" ignored="0" name="Test2" tests="9" failures="3" timestamp="2020-11-04T03:01:15 IST" time="118.257" errors="0">
  <testcase name="openURL" time="0.004" classname="SmokeAndRegression.Regression">
    <failure type="java.lang.NullPointerException">
      <![CDATA[java.lang.NullPointerException
at SmokeAndRegression.Regression.openURL(Regression.java:29)
at java.util.ArrayList.forEach(Unknown Source)
... Removed 27 stack frames]]>
    </failure>
  </testcase> <!-- openURL -->
  <testcase name="buyPlusMembership" time="0.099" classname="SmokeAndRegression.Regression">
    <failure type="java.lang.NullPointerException">
      <![CDATA[java.lang.NullPointerException
at org.openqa.selenium.support.pagefactory.DefaultElementLocator.findElement(DefaultElementLocator.java:69)
at org.openqa.selenium.support.pagefactory.internal.LocatingElementHandler.invoke(LocatingElementHandler.java:38)
at com.sun.proxy.$Proxy10.click(Unknown Source)
at POM_Pages.HomePage.buyPlusMembership(HomePage.java:111)
at SmokeAndRegression.Regression.buyPlusMembership(Regression.java:39)
at java.util.ArrayList.forEach(Unknown Source)
... Removed 27 stack frames]]>
    </failure>
  </testcase> <!-- buyPlusMembership -->
  <testcase name="handleIFrame" time="0.002" classname="SmokeAndRegression.Regression">
    <failure type="java.lang.NullPointerException">
      <![CDATA[java.lang.NullPointerException
at POM_Pages.HomePage.LoginIFrame(HomePage.java:125)
at SmokeAndRegression.Regression.handleIFrame(Regression.java:47)
at java.util.ArrayList.forEach(Unknown Source)
... Removed 27 stack frames]]>
    </failure>
  </testcase> <!-- handleIFrame -->
  <testcase name="openURL" time="6.239" classname="SmokeAndRegression.Smoke"/>
  <testcase name="bookAppointment" time="21.273" classname="SmokeAndRegression.Smoke"/>
  <testcase name="ConsultDoctor" time="10.747" classname="SmokeAndRegression.Smoke"/>
  <testcase name="BuyMedicine" time="72.447" classname="SmokeAndRegression.Smoke"/>
  <testcase name="reachingDiagnostics" time="5.913" classname="SmokeAndRegression.Smoke"/>
  <testcase name="displayNames" time="0.398" classname="SmokeAndRegression.Smoke"/>
</testsuite> <!-- Test2 -->
